Using pre-set license
Built from '2021.3/staging' branch; Version is '2021.3.11f1 (0a5ca18544bf) revision 679073'; Using compiler version '192829333'; Build Type 'Release'
OS: 'Windows 10  (10.0.19045) 64bit Professional' Language: 'es' Physical Memory: 16226 MB
BatchMode: 1, IsHumanControllingUs: 0, StartBugReporterOnCrash: 0, Is64bit: 1, IsPro: 1

COMMAND LINE ARGUMENTS:
C:\Program Files\Unity\Hub\Editor\2021.3.11f1\Editor\Unity.exe
-adb2
-batchMode
-noUpm
-name
AssetImportWorker0
-projectPath
E:/GitHub/Fighter-Game-Animation/Fighter Game Animation
-logFile
Logs/AssetImportWorker0.log
-srvPort
59068
Successfully changed project path to: E:/GitHub/Fighter-Game-Animation/Fighter Game Animation
E:/GitHub/Fighter-Game-Animation/Fighter Game Animation
[UnityMemory] Configuration Parameters - Can be set up in boot.config
    "memorysetup-bucket-allocator-granularity=16"
    "memorysetup-bucket-allocator-bucket-count=8"
    "memorysetup-bucket-allocator-block-size=33554432"
    "memorysetup-bucket-allocator-block-count=8"
    "memorysetup-main-allocator-block-size=16777216"
    "memorysetup-thread-allocator-block-size=16777216"
    "memorysetup-gfx-main-allocator-block-size=16777216"
    "memorysetup-gfx-thread-allocator-block-size=16777216"
    "memorysetup-cache-allocator-block-size=4194304"
    "memorysetup-typetree-allocator-block-size=2097152"
    "memorysetup-profiler-bucket-allocator-granularity=16"
    "memorysetup-profiler-bucket-allocator-bucket-count=8"
    "memorysetup-profiler-bucket-allocator-block-size=33554432"
    "memorysetup-profiler-bucket-allocator-block-count=8"
    "memorysetup-profiler-allocator-block-size=16777216"
    "memorysetup-profiler-editor-allocator-block-size=1048576"
    "memorysetup-temp-allocator-size-main=16777216"
    "memorysetup-job-temp-allocator-block-size=2097152"
    "memorysetup-job-temp-allocator-block-size-background=1048576"
    "memorysetup-job-temp-allocator-reduction-small-platforms=262144"
    "memorysetup-temp-allocator-size-background-worker=32768"
    "memorysetup-temp-allocator-size-job-worker=262144"
    "memorysetup-temp-allocator-size-preload-manager=33554432"
    "memorysetup-temp-allocator-size-nav-mesh-worker=65536"
    "memorysetup-temp-allocator-size-audio-worker=65536"
    "memorysetup-temp-allocator-size-cloud-worker=32768"
    "memorysetup-temp-allocator-size-gi-baking-worker=262144"
    "memorysetup-temp-allocator-size-gfx=262144"
Refreshing native plugins compatible for Editor in 43.99 ms, found 2 plugins.
Preloading 0 native plugins for Editor in 0.00 ms.
Initialize engine version: 2021.3.11f1 (0a5ca18544bf)
[Subsystems] Discovering subsystems at path C:/Program Files/Unity/Hub/Editor/2021.3.11f1/Editor/Data/Resources/UnitySubsystems
[Subsystems] Discovering subsystems at path E:/GitHub/Fighter-Game-Animation/Fighter Game Animation/Assets
GfxDevice: creating device client; threaded=0; jobified=0
Direct3D:
    Version:  Direct3D 11.0 [level 11.1]
    Renderer: NVIDIA GeForce RTX 2060 (ID=0x1f11)
    Vendor:   NVIDIA
    VRAM:     5968 MB
    Driver:   31.0.15.2802
Initialize mono
Mono path[0] = 'C:/Program Files/Unity/Hub/Editor/2021.3.11f1/Editor/Data/Managed'
Mono path[1] = 'C:/Program Files/Unity/Hub/Editor/2021.3.11f1/Editor/Data/MonoBleedingEdge/lib/mono/unityjit-win32'
Mono config path = 'C:/Program Files/Unity/Hub/Editor/2021.3.11f1/Editor/Data/MonoBleedingEdge/etc'
Using monoOptions --debugger-agent=transport=dt_socket,embedding=1,server=y,suspend=n,address=127.0.0.1:56280
Begin MonoManager ReloadAssembly
Registering precompiled unity dll's ...
Register platform support module: C:/Program Files/Unity/Hub/Editor/2021.3.11f1/Editor/Data/PlaybackEngines/WindowsStandaloneSupport/UnityEditor.WindowsStandalone.Extensions.dll
Registered in 0.008786 seconds.
Native extension for WindowsStandalone target not found
Refreshing native plugins compatible for Editor in 48.03 ms, found 2 plugins.
Preloading 0 native plugins for Editor in 0.00 ms.
Mono: successfully reloaded assembly
- Completed reload, in  0.611 seconds
Domain Reload Profiling:
	ReloadAssembly (612ms)
		BeginReloadAssembly (78ms)
			ExecutionOrderSort (0ms)
			DisableScriptedObjects (0ms)
			BackupInstance (0ms)
			ReleaseScriptingObjects (0ms)
			CreateAndSetChildDomain (1ms)
		EndReloadAssembly (419ms)
			LoadAssemblies (75ms)
			RebuildTransferFunctionScriptingTraits (0ms)
			SetupTypeCache (100ms)
			ReleaseScriptCaches (0ms)
			RebuildScriptCaches (30ms)
			SetupLoadedEditorAssemblies (240ms)
				LogAssemblyErrors (0ms)
				InitializePlatformSupportModulesInManaged (8ms)
				SetLoadedEditorAssemblies (0ms)
				RefreshPlugins (48ms)
				BeforeProcessingInitializeOnLoad (1ms)
				ProcessInitializeOnLoadAttributes (138ms)
				ProcessInitializeOnLoadMethodAttributes (44ms)
				AfterProcessingInitializeOnLoad (0ms)
				EditorAssembliesLoaded (0ms)
			ExecutionOrderSort2 (0ms)
			AwakeInstancesAfterBackupRestoration (0ms)
Platform modules already initialized, skipping
Registering precompiled user dll's ...
Registered in 0.003579 seconds.
Begin MonoManager ReloadAssembly
Native extension for WindowsStandalone target not found
Refreshing native plugins compatible for Editor in 37.74 ms, found 2 plugins.
Preloading 0 native plugins for Editor in 0.00 ms.
Mono: successfully reloaded assembly
- Completed reload, in  1.002 seconds
Domain Reload Profiling:
	ReloadAssembly (1003ms)
		BeginReloadAssembly (120ms)
			ExecutionOrderSort (0ms)
			DisableScriptedObjects (8ms)
			BackupInstance (0ms)
			ReleaseScriptingObjects (0ms)
			CreateAndSetChildDomain (18ms)
		EndReloadAssembly (767ms)
			LoadAssemblies (80ms)
			RebuildTransferFunctionScriptingTraits (0ms)
			SetupTypeCache (187ms)
			ReleaseScriptCaches (0ms)
			RebuildScriptCaches (42ms)
			SetupLoadedEditorAssemblies (414ms)
				LogAssemblyErrors (0ms)
				InitializePlatformSupportModulesInManaged (5ms)
				SetLoadedEditorAssemblies (0ms)
				RefreshPlugins (38ms)
				BeforeProcessingInitializeOnLoad (64ms)
				ProcessInitializeOnLoadAttributes (271ms)
				ProcessInitializeOnLoadMethodAttributes (25ms)
				AfterProcessingInitializeOnLoad (11ms)
				EditorAssembliesLoaded (0ms)
			ExecutionOrderSort2 (0ms)
			AwakeInstancesAfterBackupRestoration (8ms)
Platform modules already initialized, skipping
========================================================================
Worker process is ready to serve import requests
Launched and connected shader compiler UnityShaderCompiler.exe after 0.11 seconds
Refreshing native plugins compatible for Editor in 0.42 ms, found 2 plugins.
Preloading 0 native plugins for Editor in 0.00 ms.
Unloading 2170 Unused Serialized files (Serialized files now loaded: 0)
Unloading 35 unused Assets / (1.3 MB). Loaded Objects now: 2626.
Memory consumption went from 97.7 MB to 96.4 MB.
Total: 3.188200 ms (FindLiveObjects: 0.180100 ms CreateObjectMapping: 0.111000 ms MarkObjects: 2.631500 ms  DeleteObjects: 0.264900 ms)

AssetImportParameters requested are different than current active one (requested -> active):
  custom:video-decoder-ogg-theora: a1e56fd34408186e4bbccfd4996cb3dc -> 
  custom:container-muxer-webm: aa71ff27fc2769a1b78a27578f13a17b -> 
  custom:container-demuxer-webm: 4f35f7cbe854078d1ac9338744f61a02 -> 
  custom:video-encoder-webm-vp8: eb34c28f22e8b96e1ab97ce403110664 -> 
  custom:audio-encoder-webm-vorbis: bf7c407c2cedff20999df2af8eb42d56 -> 
  custom:framework-win-MediaFoundation: 216162199b28c13a410421893ffa2e32 -> 
  custom:container-demuxer-ogg: 62fdf1f143b41e24485cea50d1cbac27 -> 
  custom:video-decoder-webm-vp8: 9c59270c3fd7afecdb556c50c9e8de78 -> 
  custom:audio-decoder-ogg-vorbis: bf7c407c2cedff20999df2af8eb42d56 -> 
========================================================================
Received Import Request.
  Time since last request: 519886.587964 seconds.
  path: Assets/_Scripts/elf_model.fbx
  artifactKey: Guid(09480fd2d0ca4a94a86428a60ff8f546) Importer(815301076,1909f56bfc062723c751e8b465ee728b)
Start importing Assets/_Scripts/elf_model.fbx using Guid(09480fd2d0ca4a94a86428a60ff8f546) Importer(815301076,1909f56bfc062723c751e8b465ee728b)  -> (artifact id: '7f03f6df40b776325aaf61b64242b423') in 0.358154 seconds 
========================================================================
Received Import Request.
  Time since last request: 224.388766 seconds.
  path: Assets
  artifactKey: Guid(00000000000000001000000000000000) Importer(815301076,1909f56bfc062723c751e8b465ee728b)
Start importing Assets using Guid(00000000000000001000000000000000) Importer(815301076,1909f56bfc062723c751e8b465ee728b)  -> (artifact id: '79842766b460edbeab6a34051e857a80') in 0.002568 seconds 
========================================================================
Received Import Request.
  Time since last request: 5.495593 seconds.
  path: Assets/elf
  artifactKey: Guid(74df01256b5fc0041aa4d4de80719aaf) Importer(815301076,1909f56bfc062723c751e8b465ee728b)
Start importing Assets/elf using Guid(74df01256b5fc0041aa4d4de80719aaf) Importer(815301076,1909f56bfc062723c751e8b465ee728b)  -> (artifact id: '2570c16426da66b4d0b7182476ca8c34') in 0.001824 seconds 
========================================================================
Received Import Request.
  Time since last request: 29.503380 seconds.
  path: Assets/elf/Azri_Body_Albedo.tga
  artifactKey: Guid(5c57c9d2c23f6f641bd3607054f21f9b) Importer(815301076,1909f56bfc062723c751e8b465ee728b)
Start importing Assets/elf/Azri_Body_Albedo.tga using Guid(5c57c9d2c23f6f641bd3607054f21f9b) Importer(815301076,1909f56bfc062723c751e8b465ee728b)  -> (artifact id: '365b6c25e111973dde1c92f240880d26') in 0.026701 seconds 
========================================================================
Received Import Request.
  Time since last request: 0.000023 seconds.
  path: Assets/elf/Azri_Head_Emissive.png
  artifactKey: Guid(d07d5382b63e7c04c83f0392b8c3392c) Importer(815301076,1909f56bfc062723c751e8b465ee728b)
Start importing Assets/elf/Azri_Head_Emissive.png using Guid(d07d5382b63e7c04c83f0392b8c3392c) Importer(815301076,1909f56bfc062723c751e8b465ee728b)  -> (artifact id: '613293d1ac452eb9872bff18c319667b') in 0.015234 seconds 
========================================================================
Received Import Request.
  Time since last request: 0.000037 seconds.
  path: Assets/elf/Azri_Head_Spec.png
  artifactKey: Guid(181002bc4dba5b7409e161224525dc7e) Importer(815301076,1909f56bfc062723c751e8b465ee728b)
Start importing Assets/elf/Azri_Head_Spec.png using Guid(181002bc4dba5b7409e161224525dc7e) Importer(815301076,1909f56bfc062723c751e8b465ee728b)  -> (artifact id: '9c037c66aaa4d9da539969783ece7426') in 0.010941 seconds 
========================================================================
Received Import Request.
  Time since last request: 0.000019 seconds.
  path: Assets/elf/Scythe_Roughness.png
  artifactKey: Guid(c7ca1f2d57418384d9006589018b060d) Importer(815301076,1909f56bfc062723c751e8b465ee728b)
Start importing Assets/elf/Scythe_Roughness.png using Guid(c7ca1f2d57418384d9006589018b060d) Importer(815301076,1909f56bfc062723c751e8b465ee728b)  -> (artifact id: '978cca3e942be127f60c3570aafafd76') in 0.008490 seconds 
========================================================================
Received Import Request.
  Time since last request: 0.000018 seconds.
  path: Assets/elf/Azri_Body_Spec.png
  artifactKey: Guid(b9b15216c8b3f614d8122867c6172ee8) Importer(815301076,1909f56bfc062723c751e8b465ee728b)
Start importing Assets/elf/Azri_Body_Spec.png using Guid(b9b15216c8b3f614d8122867c6172ee8) Importer(815301076,1909f56bfc062723c751e8b465ee728b)  -> (artifact id: '4ddc0caf595be879d48d76bb28e69c71') in 0.010293 seconds 
========================================================================
Received Import Request.
  Time since last request: 0.000024 seconds.
  path: Assets/elf/Sword_Roughness.png
  artifactKey: Guid(2a7458ac8a9aae347ba6bc05dad0cbe3) Importer(815301076,1909f56bfc062723c751e8b465ee728b)
Start importing Assets/elf/Sword_Roughness.png using Guid(2a7458ac8a9aae347ba6bc05dad0cbe3) Importer(815301076,1909f56bfc062723c751e8b465ee728b)  -> (artifact id: 'a7f782eb0eeb6a211b4272f05c250a07') in 0.010558 seconds 
========================================================================
Received Import Request.
  Time since last request: 0.000024 seconds.
  path: Assets/elf/Scythe_BaseColor.png
  artifactKey: Guid(9a518ce8bfaf1f6418383968e1ebe7f0) Importer(815301076,1909f56bfc062723c751e8b465ee728b)
Start importing Assets/elf/Scythe_BaseColor.png using Guid(9a518ce8bfaf1f6418383968e1ebe7f0) Importer(815301076,1909f56bfc062723c751e8b465ee728b)  -> (artifact id: 'cf5d12e691e5dcf6481f10c344a8d200') in 0.008244 seconds 
========================================================================
Received Import Request.
  Time since last request: 0.000017 seconds.
  path: Assets/elf/Sword_BaseColor.png
  artifactKey: Guid(770ce8686670b484f911e6e795f2e473) Importer(815301076,1909f56bfc062723c751e8b465ee728b)
Start importing Assets/elf/Sword_BaseColor.png using Guid(770ce8686670b484f911e6e795f2e473) Importer(815301076,1909f56bfc062723c751e8b465ee728b)  -> (artifact id: 'e0ac12a6e049487b4cd6a02c76d8481f') in 0.009714 seconds 
========================================================================
Received Import Request.
  Time since last request: 0.000018 seconds.
  path: Assets/elf/Azri_Head_Normal.png
  artifactKey: Guid(7f07d206f6833a74c916f3eebd22e41e) Importer(815301076,1909f56bfc062723c751e8b465ee728b)
Start importing Assets/elf/Azri_Head_Normal.png using Guid(7f07d206f6833a74c916f3eebd22e41e) Importer(815301076,1909f56bfc062723c751e8b465ee728b)  -> (artifact id: '60da0f00e31db44915311415a369f6de') in 0.007678 seconds 
Editor requested this worker to shutdown with reason: Scaling down because of idle timeout
AssetImportWorker is now disconnected from the server
Process exiting
Exiting without the bug reporter. Application will terminate with return code 0